{"C:\\Users\\Blue\\Security\\unit-integration-tests\\src\\api.js": {"path":"C:\\Users\\Blue\\Security\\unit-integration-tests\\src\\api.js","statementMap":{"0":{"start":{"line":1,"column":14},"end":{"line":1,"column":30}},"1":{"start":{"line":4,"column":19},"end":{"line":4,"column":80}},"2":{"start":{"line":5,"column":2},"end":{"line":5,"column":23}},"3":{"start":{"line":8,"column":0},"end":{"line":8,"column":28}}},"fnMap":{"0":{"name":"fetchPosts","decl":{"start":{"line":3,"column":15},"end":{"line":3,"column":25}},"loc":{"start":{"line":3,"column":28},"end":{"line":6,"column":1}},"line":3}},"branchMap":{},"s":{"0":1,"1":1,"2":1,"3":1},"f":{"0":1},"b":{},"_coverageSchema":"1a1c01bbd47fc00a2c39e90264f33305004495a9","hash":"d5e76e211a6c8aa9d24a2257361fd52440268b32"}
,"C:\\Users\\Blue\\Security\\unit-integration-tests\\src\\auth.js": {"path":"C:\\Users\\Blue\\Security\\unit-integration-tests\\src\\auth.js","statementMap":{"0":{"start":{"line":2,"column":2},"end":{"line":2,"column":30}},"1":{"start":{"line":4,"column":0},"end":{"line":4,"column":33}}},"fnMap":{"0":{"name":"isPasswordValid","decl":{"start":{"line":1,"column":9},"end":{"line":1,"column":24}},"loc":{"start":{"line":1,"column":35},"end":{"line":3,"column":1}},"line":1}},"branchMap":{},"s":{"0":2,"1":1},"f":{"0":2},"b":{},"_coverageSchema":"1a1c01bbd47fc00a2c39e90264f33305004495a9","hash":"2846340f2fcef21ea48e8878972edc329810e755"}
,"C:\\Users\\Blue\\Security\\unit-integration-tests\\src\\currency.js": {"path":"C:\\Users\\Blue\\Security\\unit-integration-tests\\src\\currency.js","statementMap":{"0":{"start":{"line":2,"column":2},"end":{"line":2,"column":44}},"1":{"start":{"line":6,"column":2},"end":{"line":6,"column":32}},"2":{"start":{"line":10,"column":15},"end":{"line":10,"column":36}},"3":{"start":{"line":11,"column":15},"end":{"line":11,"column":36}},"4":{"start":{"line":12,"column":2},"end":{"line":12,"column":37}},"5":{"start":{"line":15,"column":0},"end":{"line":15,"column":66}}},"fnMap":{"0":{"name":"parseCurrency","decl":{"start":{"line":1,"column":9},"end":{"line":1,"column":22}},"loc":{"start":{"line":1,"column":30},"end":{"line":3,"column":1}},"line":1},"1":{"name":"formatCurrency","decl":{"start":{"line":5,"column":9},"end":{"line":5,"column":23}},"loc":{"start":{"line":5,"column":31},"end":{"line":7,"column":1}},"line":5},"2":{"name":"addCurrencies","decl":{"start":{"line":9,"column":9},"end":{"line":9,"column":22}},"loc":{"start":{"line":9,"column":39},"end":{"line":13,"column":1}},"line":9}},"branchMap":{},"s":{"0":6,"1":4,"2":2,"3":2,"4":2,"5":1},"f":{"0":6,"1":4,"2":2},"b":{},"_coverageSchema":"1a1c01bbd47fc00a2c39e90264f33305004495a9","hash":"e7864c1c51c7564bb7d2ef928526fcbff48621b9"}
,"C:\\Users\\Blue\\Security\\unit-integration-tests\\src\\math.js": {"path":"C:\\Users\\Blue\\Security\\unit-integration-tests\\src\\math.js","statementMap":{"0":{"start":{"line":2,"column":2},"end":{"line":2,"column":15}},"1":{"start":{"line":4,"column":0},"end":{"line":4,"column":21}}},"fnMap":{"0":{"name":"add","decl":{"start":{"line":1,"column":9},"end":{"line":1,"column":12}},"loc":{"start":{"line":1,"column":19},"end":{"line":3,"column":1}},"line":1}},"branchMap":{},"s":{"0":2,"1":1},"f":{"0":2},"b":{},"_coverageSchema":"1a1c01bbd47fc00a2c39e90264f33305004495a9","hash":"7f5c2244e902c4cabc4447814ddecc2a9e2d94c1"}
}
