TN:
SF:src\api.js
FN:3,fetchPosts
FNF:1
FNH:1
FNDA:1,fetchPosts
DA:1,1
DA:4,1
DA:5,1
DA:8,1
LF:4
LH:4
BRF:0
BRH:0
end_of_record
TN:
SF:src\auth.js
FN:1,isPasswordValid
FNF:1
FNH:1
FNDA:2,isPasswordValid
DA:2,2
DA:4,1
LF:2
LH:2
BRF:0
BRH:0
end_of_record
TN:
SF:src\currency.js
FN:1,parseCurrency
FN:5,formatCurrency
FN:9,addCurrencies
FNF:3
FNH:3
FNDA:6,parseCurrency
FNDA:4,formatCurrency
FNDA:2,addCurrencies
DA:2,6
DA:6,4
DA:10,2
DA:11,2
DA:12,2
DA:15,1
LF:6
LH:6
BRF:0
BRH:0
end_of_record
TN:
SF:src\math.js
FN:1,add
FNF:1
FNH:1
FNDA:2,add
DA:2,2
DA:4,1
LF:2
LH:2
BRF:0
BRH:0
end_of_record
